<?xml version="1.0" encoding="UTF-8"?>
<testsuite name="module.decryptTest" tests="3" skipped="0" failures="0" errors="0" timestamp="2019-07-19T15:54:42" hostname="moringa-Lenovo-ideapad-320-15ISK" time="0.004">
  <properties/>
  <testcase name="instantiates_correct" classname="module.decryptTest" time="0.003"/>
  <testcase name="getWord_String" classname="module.decryptTest" time="0.001"/>
  <testcase name="getKey_int" classname="module.decryptTest" time="0.0"/>
  <system-out><![CDATA[]]></system-out>
  <system-err><![CDATA[]]></system-err>
</testsuite>
